ene. 11, 2021 6:57:48 P. M. logica_interna.GameMain run
INFO: Programa comenzado
ene. 11, 2021 6:57:48 P. M. java.awt.Container mixOnValidating
FINE: this = javax.swing.JFrame[frame0,180,64,1000x600,layout=java.awt.BorderLayout,title=Nivel 2,normal,defaultCloseOperation=EXIT_ON_CLOSE,rootPane=javax.swing.JRootPane[,8,31,984x561,layout=javax.swing.JRootPane$RootLayout,alignmentX=0.0,alignmentY=0.0,border=,flags=16777673,maximumSize=,minimumSize=,preferredSize=],rootPaneCheckingEnabled=true]
ene. 11, 2021 6:57:48 P. M. java.awt.Container recursiveApplyCurrentShape
FINE: this = javax.swing.JFrame[frame0,180,64,1000x600,layout=java.awt.BorderLayout,title=Nivel 2,normal,defaultCloseOperation=EXIT_ON_CLOSE,rootPane=javax.swing.JRootPane[,8,31,984x561,layout=javax.swing.JRootPane$RootLayout,alignmentX=0.0,alignmentY=0.0,border=,flags=16777673,maximumSize=,minimumSize=,preferredSize=],rootPaneCheckingEnabled=true]; fromZ=0; toZ=0
ene. 11, 2021 6:57:48 P. M. java.awt.Container recursiveApplyCurrentShape
FINE: this = javax.swing.JRootPane[,8,31,984x561,layout=javax.swing.JRootPane$RootLayout,alignmentX=0.0,alignmentY=0.0,border=,flags=16777673,maximumSize=,minimumSize=,preferredSize=]; fromZ=0; toZ=1
ene. 11, 2021 6:57:48 P. M. java.awt.Container recursiveApplyCurrentShape
FINE: this = javax.swing.JLayeredPane[null.layeredPane,0,0,984x561,alignmentX=0.0,alignmentY=0.0,border=,flags=0,maximumSize=,minimumSize=,preferredSize=,optimizedDrawingPossible=true]; fromZ=0; toZ=0
ene. 11, 2021 6:57:48 P. M. java.awt.Container recursiveApplyCurrentShape
FINE: this = javax.swing.JPanel[null.contentPane,0,0,984x561,layout=javax.swing.JRootPane$1,alignmentX=0.0,alignmentY=0.0,border=,flags=9,maximumSize=,minimumSize=,preferredSize=]; fromZ=0; toZ=0
ene. 11, 2021 6:57:48 P. M. java.awt.Component applyCurrentShape
FINE: this = niveles.Nivel1[canvas0,0,0,984x561]
ene. 11, 2021 6:57:48 P. M. java.awt.Component calculateCurrentShape
FINE: this = niveles.Nivel1[canvas0,0,0,984x561]; normalShape=Region[[8, 31 => 992, 592]]
ene. 11, 2021 6:57:48 P. M. java.awt.Component calculateCurrentShape
FINE: currentShape=Region[[8, 31 => 992, 592]]
ene. 11, 2021 6:57:48 P. M. java.awt.DefaultKeyboardFocusManager dispatchEvent
FINE: sun.awt.TimedWindowEvent[WINDOW_LOST_FOCUS,opposite=javax.swing.JFrame[frame0,180,64,1000x600,layout=java.awt.BorderLayout,title=Nivel 2,normal,defaultCloseOperation=EXIT_ON_CLOSE,rootPane=javax.swing.JRootPane[,8,31,984x561,layout=javax.swing.JRootPane$RootLayout,alignmentX=0.0,alignmentY=0.0,border=,flags=16777673,maximumSize=,minimumSize=,preferredSize=],rootPaneCheckingEnabled=true],oldState=0,newState=0] on frame1
ene. 11, 2021 6:57:48 P. M. java.awt.DefaultKeyboardFocusManager dispatchEvent
FINE: Active niveles.VentanaPrincipal[frame1,0,0,800x500,layout=java.awt.BorderLayout,title=Raiden_Reborn,resizable,normal,defaultCloseOperation=DISPOSE_ON_CLOSE,rootPane=javax.swing.JRootPane[,8,31,784x461,layout=javax.swing.JRootPane$RootLayout,alignmentX=0.0,alignmentY=0.0,border=,flags=16777673,maximumSize=,minimumSize=,preferredSize=],rootPaneCheckingEnabled=true], Current focused niveles.VentanaPrincipal[frame1,0,0,800x500,layout=java.awt.BorderLayout,title=Raiden_Reborn,resizable,normal,defaultCloseOperation=DISPOSE_ON_CLOSE,rootPane=javax.swing.JRootPane[,8,31,784x461,layout=javax.swing.JRootPane$RootLayout,alignmentX=0.0,alignmentY=0.0,border=,flags=16777673,maximumSize=,minimumSize=,preferredSize=],rootPaneCheckingEnabled=true], losing focus niveles.VentanaPrincipal[frame1,0,0,800x500,layout=java.awt.BorderLayout,title=Raiden_Reborn,resizable,normal,defaultCloseOperation=DISPOSE_ON_CLOSE,rootPane=javax.swing.JRootPane[,8,31,784x461,layout=javax.swing.JRootPane$RootLayout,alignmentX=0.0,alignmentY=0.0,border=,flags=16777673,maximumSize=,minimumSize=,preferredSize=],rootPaneCheckingEnabled=true] opposite javax.swing.JFrame[frame0,180,64,1000x600,layout=java.awt.BorderLayout,title=Nivel 2,normal,defaultCloseOperation=EXIT_ON_CLOSE,rootPane=javax.swing.JRootPane[,8,31,984x561,layout=javax.swing.JRootPane$RootLayout,alignmentX=0.0,alignmentY=0.0,border=,flags=16777673,maximumSize=,minimumSize=,preferredSize=],rootPaneCheckingEnabled=true]
ene. 11, 2021 6:57:48 P. M. java.awt.DefaultKeyboardFocusManager dispatchEvent
FINE: java.awt.event.FocusEvent[FOCUS_LOST,temporary,opposite=niveles.Nivel1[canvas0,0,0,984x561],cause=ACTIVATION] on javax.swing.JButton[,0,0,196x26,alignmentX=0.0,alignmentY=0.5,border=javax.swing.plaf.BorderUIResource$CompoundBorderUIResource@37ec5bd2,flags=296,maximumSize=,minimumSize=,preferredSize=,defaultIcon=,disabledIcon=,disabledSelectedIcon=,margin=javax.swing.plaf.InsetsUIResource[top=2,left=14,bottom=2,right=14],paintBorder=true,paintFocus=true,pressedIcon=,rolloverEnabled=true,rolloverIcon=,rolloverSelectedIcon=,selectedIcon=,text=Nivel 1,defaultCapable=true]
ene. 11, 2021 6:57:48 P. M. java.awt.DefaultKeyboardFocusManager dispatchEvent
FINE: sun.awt.TimedWindowEvent[WINDOW_GAINED_FOCUS,opposite=niveles.VentanaPrincipal[frame1,0,0,800x500,layout=java.awt.BorderLayout,title=Raiden_Reborn,resizable,normal,defaultCloseOperation=DISPOSE_ON_CLOSE,rootPane=javax.swing.JRootPane[,8,31,784x461,layout=javax.swing.JRootPane$RootLayout,alignmentX=0.0,alignmentY=0.0,border=,flags=16777673,maximumSize=,minimumSize=,preferredSize=],rootPaneCheckingEnabled=true],oldState=0,newState=0] on frame0
ene. 11, 2021 6:57:48 P. M. java.awt.DefaultKeyboardFocusManager dispatchEvent
FINE: java.awt.event.WindowEvent[WINDOW_ACTIVATED,opposite=niveles.VentanaPrincipal[frame1,0,0,800x500,layout=java.awt.BorderLayout,title=Raiden_Reborn,resizable,normal,defaultCloseOperation=DISPOSE_ON_CLOSE,rootPane=javax.swing.JRootPane[,8,31,784x461,layout=javax.swing.JRootPane$RootLayout,alignmentX=0.0,alignmentY=0.0,border=,flags=16777673,maximumSize=,minimumSize=,preferredSize=],rootPaneCheckingEnabled=true],oldState=0,newState=0] on frame0
ene. 11, 2021 6:57:48 P. M. java.awt.DefaultKeyboardFocusManager dispatchEvent
FINE: java.awt.event.WindowEvent[WINDOW_DEACTIVATED,opposite=javax.swing.JFrame[frame0,180,64,1000x600,layout=java.awt.BorderLayout,title=Nivel 2,normal,defaultCloseOperation=EXIT_ON_CLOSE,rootPane=javax.swing.JRootPane[,8,31,984x561,layout=javax.swing.JRootPane$RootLayout,alignmentX=0.0,alignmentY=0.0,border=,flags=16777673,maximumSize=,minimumSize=,preferredSize=],rootPaneCheckingEnabled=true],oldState=0,newState=0] on frame1
ene. 11, 2021 6:57:48 P. M. java.awt.Container mixOnValidating
FINE: this = javax.swing.JFrame[frame0,180,64,1000x600,layout=java.awt.BorderLayout,title=Nivel 2,normal,defaultCloseOperation=EXIT_ON_CLOSE,rootPane=javax.swing.JRootPane[,8,31,984x561,layout=javax.swing.JRootPane$RootLayout,alignmentX=0.0,alignmentY=0.0,border=,flags=16777673,maximumSize=,minimumSize=,preferredSize=],rootPaneCheckingEnabled=true]
ene. 11, 2021 6:57:48 P. M. java.awt.Container recursiveApplyCurrentShape
FINE: this = javax.swing.JFrame[frame0,180,64,1000x600,layout=java.awt.BorderLayout,title=Nivel 2,normal,defaultCloseOperation=EXIT_ON_CLOSE,rootPane=javax.swing.JRootPane[,8,31,984x561,layout=javax.swing.JRootPane$RootLayout,alignmentX=0.0,alignmentY=0.0,border=,flags=16777673,maximumSize=,minimumSize=,preferredSize=],rootPaneCheckingEnabled=true]; fromZ=0; toZ=0
ene. 11, 2021 6:57:48 P. M. java.awt.Container recursiveApplyCurrentShape
FINE: this = javax.swing.JRootPane[,8,31,984x561,layout=javax.swing.JRootPane$RootLayout,alignmentX=0.0,alignmentY=0.0,border=,flags=16777673,maximumSize=,minimumSize=,preferredSize=]; fromZ=0; toZ=1
ene. 11, 2021 6:57:48 P. M. java.awt.Container recursiveApplyCurrentShape
FINE: this = javax.swing.JLayeredPane[null.layeredPane,0,0,984x561,alignmentX=0.0,alignmentY=0.0,border=,flags=0,maximumSize=,minimumSize=,preferredSize=,optimizedDrawingPossible=true]; fromZ=0; toZ=0
ene. 11, 2021 6:57:48 P. M. java.awt.Container recursiveApplyCurrentShape
FINE: this = javax.swing.JPanel[null.contentPane,0,0,984x561,layout=javax.swing.JRootPane$1,alignmentX=0.0,alignmentY=0.0,border=,flags=9,maximumSize=,minimumSize=,preferredSize=]; fromZ=0; toZ=0
ene. 11, 2021 6:57:48 P. M. java.awt.Component applyCurrentShape
FINE: this = niveles.Nivel1[canvas0,0,0,984x561]
ene. 11, 2021 6:57:48 P. M. java.awt.Component calculateCurrentShape
FINE: this = niveles.Nivel1[canvas0,0,0,984x561]; normalShape=Region[[8, 31 => 992, 592]]
ene. 11, 2021 6:57:48 P. M. java.awt.Component calculateCurrentShape
FINE: currentShape=Region[[8, 31 => 992, 592]]
ene. 11, 2021 6:57:48 P. M. java.awt.DefaultKeyboardFocusManager dispatchEvent
FINE: java.awt.event.WindowEvent[WINDOW_OPENED,opposite=null,oldState=0,newState=0] on frame0
ene. 11, 2021 6:57:48 P. M. java.awt.DefaultKeyboardFocusManager dispatchEvent
FINE: java.awt.event.FocusEvent[FOCUS_GAINED,permanent,opposite=null,cause=ACTIVATION] on canvas0
ene. 11, 2021 6:57:49 P. M. java.awt.DefaultKeyboardFocusManager dispatchEvent
FINE: sun.awt.TimedWindowEvent[WINDOW_CLOSING,opposite=null,oldState=0,newState=0] on frame0
